<?xml version="1.0" encoding="UTF-8"?>
<testsuite xmlns:xsi="http://www.w3.org/2001/XMLSchema-instance" xsi:noNamespaceSchemaLocation="https://maven.apache.org/surefire/maven-surefire-plugin/xsd/surefire-test-report.xsd" name="ttaevik.tlu.kt.KtApplicationTests" time="8.57" tests="5" errors="1" skipped="0" failures="0">
  <properties>
[...]
</properties>
  <testcase name="getWordCountFromSentence" classname="ttaevik.tlu.kt.KtApplicationTests" time="0.133"/>
  <testcase name="getLetter" classname="ttaevik.tlu.kt.KtApplicationTests" time="0.002"/>
  <testcase name="webTest" classname="ttaevik.tlu.kt.KtApplicationTests" time="5.136">
    <error message="Process unexpectedly closed with status 0&#10;Build info: version: &apos;3.9.1&apos;, revision: &apos;63f7b50&apos;, time: &apos;2018-02-07T22:25:02.294Z&apos;&#10;System info: host: &apos;DESKTOP-9PPNBVP&apos;, ip: &apos;192.168.0.14&apos;, os.name: &apos;Windows 10&apos;, os.arch: &apos;amd64&apos;, os.version: &apos;10.0&apos;, java.version: &apos;1.8.0_161&apos;&#10;Driver info: driver.version: FirefoxDriver&#10;selenide.url: http://localhost:8080/webform.html&#10;selenide.baseUrl: http://localhost:8080&#10;remote stacktrace: " type="org.openqa.selenium.WebDriverException">org.openqa.selenium.WebDriverException: 
Process unexpectedly closed with status 0
Build info: version: '3.9.1', revision: '63f7b50', time: '2018-02-07T22:25:02.294Z'
System info: host: 'DESKTOP-9PPNBVP', ip: '192.168.0.14', os.name: 'Windows 10', os.arch: 'amd64', os.version: '10.0', java.version: '1.8.0_161'
Driver info: driver.version: FirefoxDriver
selenide.url: http://localhost:8080/webform.html
selenide.baseUrl: http://localhost:8080
remote stacktrace: 
	at ttaevik.tlu.kt.KtApplicationTests.webTest(KtApplicationTests.java:55)
</error>
    <system-out><![CDATA[2018-05-08 16:07:04.882  INFO 8424 --- [           main] i.g.bonigarcia.wdm.WebDriverManager      : Latest version of [wires, geckodriver] is 0.20.1
2018-05-08 16:07:04.936  INFO 8424 --- [           main] i.g.bonigarcia.wdm.WebDriverManager      : Exporting webdriver.gecko.driver as C:\Users\KrissuTauri\.m2\repository\webdriver\geckodriver\win64\0.20.1\geckodriver.exe
]]></system-out>
    <system-err><![CDATA[1525784825312	geckodriver	INFO	geckodriver 0.20.1
1525784825334	geckodriver	INFO	Listening on 127.0.0.1:6686
1525784825879	mozrunner::runner	INFO	Running command: "C:\\Program Files\\Mozilla Firefox\\firefox.exe" "-marionette" "-profile" "C:\\Users\\KRISSU~1\\AppData\\Local\\Temp\\rust_mozprofile.KAxYxiIMeaDr"
]]></system-err>
  </testcase>
  <testcase name="getLetterCountFromSentence" classname="ttaevik.tlu.kt.KtApplicationTests" time="0.002"/>
  <testcase name="getWordsArray" classname="ttaevik.tlu.kt.KtApplicationTests" time="0.002"/>
</testsuite>